mode: set
github.com/will-x86/bdns/dns/pkg/server/server.go:19.63,21.16 2 0
github.com/will-x86/bdns/dns/pkg/server/server.go:21.16,23.3 1 0
github.com/will-x86/bdns/dns/pkg/server/server.go:25.2,30.16 3 0
github.com/will-x86/bdns/dns/pkg/server/server.go:30.16,32.3 1 0
github.com/will-x86/bdns/dns/pkg/server/server.go:33.2,35.12 2 0
github.com/will-x86/bdns/dns/pkg/server/server.go:35.12,39.3 3 0
github.com/will-x86/bdns/dns/pkg/server/server.go:40.2,42.6 3 0
github.com/will-x86/bdns/dns/pkg/server/server.go:42.6,44.17 2 0
github.com/will-x86/bdns/dns/pkg/server/server.go:44.17,46.12 2 0
github.com/will-x86/bdns/dns/pkg/server/server.go:48.3,48.23 1 0
github.com/will-x86/bdns/dns/pkg/server/server.go:48.23,51.46 3 0
github.com/will-x86/bdns/dns/pkg/server/server.go:51.46,54.5 2 0
github.com/will-x86/bdns/dns/pkg/server/server.go:55.4,60.68 4 0
github.com/will-x86/bdns/dns/pkg/server/server.go:60.68,63.5 2 0
github.com/will-x86/bdns/dns/pkg/server/server.go:64.4,65.49 2 0
github.com/will-x86/bdns/dns/pkg/server/server.go:65.49,68.5 2 0
github.com/will-x86/bdns/dns/pkg/server/server.go:69.4,69.63 1 0
github.com/will-x86/bdns/dns/pkg/server/server.go:69.63,75.5 4 0
github.com/will-x86/bdns/dns/pkg/server/server.go:80.110,85.16 4 1
github.com/will-x86/bdns/dns/pkg/server/server.go:85.16,88.3 2 1
github.com/will-x86/bdns/dns/pkg/server/server.go:89.2,89.38 1 1
github.com/will-x86/bdns/dns/pkg/server/server.go:89.38,91.3 1 1
github.com/will-x86/bdns/dns/pkg/server/server.go:93.2,94.16 2 1
github.com/will-x86/bdns/dns/pkg/server/server.go:94.16,97.3 2 1
github.com/will-x86/bdns/dns/pkg/server/server.go:99.2,99.45 1 1
github.com/will-x86/bdns/dns/pkg/server/server.go:99.45,102.3 2 1
github.com/will-x86/bdns/dns/pkg/server/server.go:103.2,103.56 1 1
